TN:
SF:/Users/rohitbansal/WebstormProjects/hello_jest/dist/index.js
FN:15,hello_jest_is_loaded
FNF:1
FNH:1
FNDA:1,hello_jest_is_loaded
DA:3,1
DA:8,1
DA:9,0
DA:13,1
DA:16,1
DA:19,1
LF:6
LH:5
BRDA:8,0,0,0
BRDA:8,0,1,1
BRF:2
BRH:1
end_of_record
TN:
SF:/Users/rohitbansal/WebstormProjects/hello_jest/dist/my_plugin.js
FN:5,(anonymous_0)
FN:6,(anonymous_1)
FNF:2
FNH:2
FNDA:1,(anonymous_0)
FNDA:4,(anonymous_1)
DA:5,1
DA:6,1
DA:8,4
DA:9,4
DA:15,4
DA:16,4
DA:17,1
DA:19,3
LF:8
LH:8
BRDA:16,0,0,1
BRDA:16,0,1,3
BRF:2
BRH:2
end_of_record
